<?xml version="1.0" encoding="UTF-8"?>
<!-- Generated by org.testng.reporters.JUnitReportReporter -->
<testsuite skipped="0" hostname="Abhijeets-MacBook-Air.local" name="com.crm.qa.testcases.ContactsPageTest" tests="2" failures="0" timestamp="11 Mar 2020 13:02:53 GMT" time="48.119" errors="0">
  <testcase name="selectSingleContactsTest" time="24.319" classname="com.crm.qa.testcases.ContactsPageTest"/>
  <testcase name="selectMultipleContactsTest" time="23.800" classname="com.crm.qa.testcases.ContactsPageTest"/>
</testsuite> <!-- com.crm.qa.testcases.ContactsPageTest -->
