<?xml version="1.0" encoding="UTF-8"?>
<!-- Generated by org.testng.reporters.JUnitReportReporter -->
<testsuite skipped="0" hostname="Abhijeets-MacBook-Air.local" name="com.crm.qa.testcases.LoginPageTest" tests="2" failures="0" timestamp="11 Mar 2020 11:37:06 GMT" time="13.027" errors="0">
  <testcase name="loginPageTitleTest" time="6.739" classname="com.crm.qa.testcases.LoginPageTest"/>
  <testcase name="loginTest" time="6.288" classname="com.crm.qa.testcases.LoginPageTest"/>
</testsuite> <!-- com.crm.qa.testcases.LoginPageTest -->
